Application_Error_500
Application_Error_500
Application_Error_500
Application_Error_500
Application_Error_500
Application_Error_500
Application_Error_500
Application_Error_500
Application_Error_500
Application_Error_500
Application_Error_500
Application_Error_500
发送微博：sina发生错误：token过期 <br>2016/8/31 15:29:40
修改文章：这些地方V型长谷川幸福2016/8/31 15:29:40
发送微博：qzone发生错误：this api without user authorization <br>2016/8/31 15:34:34
修改文章：这些地方V型长谷川幸福2016/8/31 15:34:34
发送微博：qzone发生错误：this api without user authorization <br>2016/8/31 15:35:07
修改文章：这些地方V型长谷川幸福2016/8/31 15:35:07
发送微博：qzone发生错误：check sign error <br>2016/8/31 15:43:22
修改文章：这些地方V型长谷川幸福2016/8/31 15:43:22
发送微博：，发送成功2016/8/31 15:52:48
修改文章：这些地方V型长谷川幸福2016/8/31 15:52:49
发送微博：，发送成功2016/8/31 15:53:22
发送微博：，发送成功2016/8/31 15:54:44
修改文章：这些地方V型长谷川幸福2016/8/31 15:54:46
