Application_Error_500
Application_Error_500
Application_Error_500
Application_Error_500
Application_Error_500
Application_Error_500
Application_Error_500
Application_Error_500
Application_Error_500
Application_Error_500
Application_Error_500
Application_Error_500
Application_Error_500
Application_Error_500
Application_Error_500
Application_Error_500
Application_Error_500
Application_Error_500
Application_Error_500
Application_Error_500
Application_Error_500
Application_Error_500
Application_Error_500
Application_Error_500
Application_Error_500
Application_Error_500
Application_Error_500
Application_Error_500
Application_Error_500
Application_Error_500
Application_Error_500
Application_Error_500
Application_Error_500
Application_Error_500
Application_Error_500
Application_Error_500
Application_Error_500
Application_Error_500
Application_Error_500
Application_Error_500
Application_Error_500
Application_Error_500
Application_Error_500
Application_Error_500
Application_Error_500
Application_Error_500
Application_Error_500
Application_Error_500
Application_Error_500
Application_Error_500
Application_Error_500
Application_Error_500
Application_Error_500
Application_Error_500
Application_Error_500
Application_Error_500
Application_Error_500
Application_Error_500
Application_Error_500
Application_Error_500
Application_Error_500
Application_Error_500
Application_Error_500
Application_Error_500
Application_Error_500
Application_Error_500
Application_Error_500
Application_Error_500
Application_Error_500
Application_Error_500
Application_Error_500
Application_Error_500
Application_Error_500
Application_Error_500
Application_Error_500
Application_Error_500
取消授权配置2016/8/15 14:33:17
取消授权配置2016/8/15 14:33:42
取消授权配置2016/8/15 14:34:20
取消授权配置2016/8/15 14:41:09
修改授权配置2016/8/15 14:55:07
修改授权配置2016/8/15 14:55:49
修改授权配置2016/8/15 14:58:29
发送微博：，发送成功2016/8/15 15:36:44
修改文章：@易优创 测试at功能2016/8/15 15:36:44
发送微博：，发送成功2016/8/15 15:37:49
修改文章：@易优创 测试at功能2016/8/15 15:37:52
发送微博：，发送成功2016/8/15 15:39:29
修改文章：@易优创 测试at功能2016/8/15 15:39:30
发送微博：，发送成功2016/8/15 15:42:10
修改文章：@易优创 测试at功能2016/8/15 15:42:10
发送微博：sina发生错误：不要太贪心了，已经发送过一次 <br>2016/8/15 15:42:35
修改文章：@易优创 测试at功能2016/8/15 15:42:36
发送微博：，发送成功2016/8/15 15:43:43
修改文章：@易优创 测试at功能2016/8/15 15:43:45
修改授权配置2016/8/15 15:51:08
发送微博：，发送成功2016/8/15 15:53:06
修改文章：@易优创 测试at功能2016/8/15 15:53:07
发送微博：，发送成功2016/8/15 15:54:50
修改文章：@易优创 测试at功能2016/8/15 15:54:51
修改授权配置2016/8/15 16:28:18
发送微博：，发送成功2016/8/15 16:30:16
修改文章：易优创 测试at功能2016/8/15 16:30:17
发送微博：，发送成功2016/8/15 16:31:36
修改文章：易优创 测试at功能2016/8/15 16:31:37
